[2.510s] Invoking command in '/home/user/ros2_ws/src/exercise1_1_pkg': PYTHONPATH=/home/user/ros2_ws/install/exercise1_1_pkg/lib/python3.8/site-packages:${PYTHONPATH} _=/usr/bin/env /usr/bin/python3 setup.py egg_info --egg-base ../../build/exercise1_1_pkg build --build-base /home/user/ros2_ws/build/exercise1_1_pkg/build install --prefix /home/user/ros2_ws/install/exercise1_1_pkg --record /home/user/ros2_ws/build/exercise1_1_pkg/install.log --single-version-externally-managed
[4.624s] running egg_info
[4.624s] writing ../../build/exercise1_1_pkg/exercise1_1_pkg.egg-info/PKG-INFO
[4.624s] writing dependency_links to ../../build/exercise1_1_pkg/exercise1_1_pkg.egg-info/dependency_links.txt
[4.625s] writing entry points to ../../build/exercise1_1_pkg/exercise1_1_pkg.egg-info/entry_points.txt
[4.625s] writing requirements to ../../build/exercise1_1_pkg/exercise1_1_pkg.egg-info/requires.txt
[4.625s] writing top-level names to ../../build/exercise1_1_pkg/exercise1_1_pkg.egg-info/top_level.txt
[4.902s] reading manifest file '../../build/exercise1_1_pkg/exercise1_1_pkg.egg-info/SOURCES.txt'
[4.903s] writing manifest file '../../build/exercise1_1_pkg/exercise1_1_pkg.egg-info/SOURCES.txt'
[4.904s] running build
[4.904s] running build_py
[4.905s] copying exercise1_1_pkg/exercise1_1.py -> /home/user/ros2_ws/build/exercise1_1_pkg/build/lib/exercise1_1_pkg
[4.906s] running install
[4.908s] running install_lib
[4.910s] copying /home/user/ros2_ws/build/exercise1_1_pkg/build/lib/exercise1_1_pkg/exercise1_1.py -> /home/user/ros2_ws/install/exercise1_1_pkg/lib/python3.8/site-packages/exercise1_1_pkg
[4.912s] byte-compiling /home/user/ros2_ws/install/exercise1_1_pkg/lib/python3.8/site-packages/exercise1_1_pkg/exercise1_1.py to exercise1_1.cpython-38.pyc
[4.914s] running install_data
[4.921s] running install_egg_info
[4.929s] removing '/home/user/ros2_ws/install/exercise1_1_pkg/lib/python3.8/site-packages/exercise1_1_pkg-0.0.0-py3.8.egg-info' (and everything under it)
[4.989s] Copying ../../build/exercise1_1_pkg/exercise1_1_pkg.egg-info to /home/user/ros2_ws/install/exercise1_1_pkg/lib/python3.8/site-packages/exercise1_1_pkg-0.0.0-py3.8.egg-info
[4.989s] running install_scripts
[5.195s] Installing exercise1_1 script to /home/user/ros2_ws/install/exercise1_1_pkg/lib/exercise1_1_pkg
[5.195s] writing list of installed files to '/home/user/ros2_ws/build/exercise1_1_pkg/install.log'
[5.313s] Invoked command in '/home/user/ros2_ws/src/exercise1_1_pkg' returned '0': PYTHONPATH=/home/user/ros2_ws/install/exercise1_1_pkg/lib/python3.8/site-packages:${PYTHONPATH} _=/usr/bin/env /usr/bin/python3 setup.py egg_info --egg-base ../../build/exercise1_1_pkg build --build-base /home/user/ros2_ws/build/exercise1_1_pkg/build install --prefix /home/user/ros2_ws/install/exercise1_1_pkg --record /home/user/ros2_ws/build/exercise1_1_pkg/install.log --single-version-externally-managed
