running egg_info
creating ../../build/exercise1_1_pkg/exercise1_1_pkg.egg-info
writing ../../build/exercise1_1_pkg/exercise1_1_pkg.egg-info/PKG-INFO
writing dependency_links to ../../build/exercise1_1_pkg/exercise1_1_pkg.egg-info/dependency_links.txt
writing entry points to ../../build/exercise1_1_pkg/exercise1_1_pkg.egg-info/entry_points.txt
writing requirements to ../../build/exercise1_1_pkg/exercise1_1_pkg.egg-info/requires.txt
writing top-level names to ../../build/exercise1_1_pkg/exercise1_1_pkg.egg-info/top_level.txt
writing manifest file '../../build/exercise1_1_pkg/exercise1_1_pkg.egg-info/SOURCES.txt'
reading manifest file '../../build/exercise1_1_pkg/exercise1_1_pkg.egg-info/SOURCES.txt'
writing manifest file '../../build/exercise1_1_pkg/exercise1_1_pkg.egg-info/SOURCES.txt'
running build
running build_py
creating /home/user/ros2_ws/build/exercise1_1_pkg/build
creating /home/user/ros2_ws/build/exercise1_1_pkg/build/lib
creating /home/user/ros2_ws/build/exercise1_1_pkg/build/lib/exercise1_1_pkg
copying exercise1_1_pkg/exercise1_1.py -> /home/user/ros2_ws/build/exercise1_1_pkg/build/lib/exercise1_1_pkg
copying exercise1_1_pkg/__init__.py -> /home/user/ros2_ws/build/exercise1_1_pkg/build/lib/exercise1_1_pkg
running install
running install_lib
creating /home/user/ros2_ws/install/exercise1_1_pkg/lib/python3.8/site-packages/exercise1_1_pkg
copying /home/user/ros2_ws/build/exercise1_1_pkg/build/lib/exercise1_1_pkg/exercise1_1.py -> /home/user/ros2_ws/install/exercise1_1_pkg/lib/python3.8/site-packages/exercise1_1_pkg
copying /home/user/ros2_ws/build/exercise1_1_pkg/build/lib/exercise1_1_pkg/__init__.py -> /home/user/ros2_ws/install/exercise1_1_pkg/lib/python3.8/site-packages/exercise1_1_pkg
byte-compiling /home/user/ros2_ws/install/exercise1_1_pkg/lib/python3.8/site-packages/exercise1_1_pkg/exercise1_1.py to exercise1_1.cpython-38.pyc
byte-compiling /home/user/ros2_ws/install/exercise1_1_pkg/lib/python3.8/site-packages/exercise1_1_pkg/__init__.py to __init__.cpython-38.pyc
running install_data
creating /home/user/ros2_ws/install/exercise1_1_pkg/share/ament_index
creating /home/user/ros2_ws/install/exercise1_1_pkg/share/ament_index/resource_index
creating /home/user/ros2_ws/install/exercise1_1_pkg/share/ament_index/resource_index/packages
copying resource/exercise1_1_pkg -> /home/user/ros2_ws/install/exercise1_1_pkg/share/ament_index/resource_index/packages
copying package.xml -> /home/user/ros2_ws/install/exercise1_1_pkg/share/exercise1_1_pkg
copying launch/exercise1_1_pkg_launch_file.launch.py -> /home/user/ros2_ws/install/exercise1_1_pkg/share/exercise1_1_pkg
running install_egg_info
Copying ../../build/exercise1_1_pkg/exercise1_1_pkg.egg-info to /home/user/ros2_ws/install/exercise1_1_pkg/lib/python3.8/site-packages/exercise1_1_pkg-0.0.0-py3.8.egg-info
running install_scripts
Installing exercise1_1 script to /home/user/ros2_ws/install/exercise1_1_pkg/lib/exercise1_1_pkg
writing list of installed files to '/home/user/ros2_ws/build/exercise1_1_pkg/install.log'
