[3.333s] Invoking command in '/home/user/ros2_ws/src/exercise1_1_pkg': PYTHONPATH=/home/user/ros2_ws/install/exercise1_1_pkg/lib/python3.8/site-packages:${PYTHONPATH} _=/usr/bin/env /usr/bin/python3 setup.py egg_info --egg-base ../../build/exercise1_1_pkg build --build-base /home/user/ros2_ws/build/exercise1_1_pkg/build install --prefix /home/user/ros2_ws/install/exercise1_1_pkg --record /home/user/ros2_ws/build/exercise1_1_pkg/install.log --single-version-externally-managed
[6.741s] running egg_info
[6.741s] creating ../../build/exercise1_1_pkg/exercise1_1_pkg.egg-info
[6.741s] writing ../../build/exercise1_1_pkg/exercise1_1_pkg.egg-info/PKG-INFO
[6.742s] writing dependency_links to ../../build/exercise1_1_pkg/exercise1_1_pkg.egg-info/dependency_links.txt
[6.743s] writing entry points to ../../build/exercise1_1_pkg/exercise1_1_pkg.egg-info/entry_points.txt
[6.743s] writing requirements to ../../build/exercise1_1_pkg/exercise1_1_pkg.egg-info/requires.txt
[6.743s] writing top-level names to ../../build/exercise1_1_pkg/exercise1_1_pkg.egg-info/top_level.txt
[6.749s] writing manifest file '../../build/exercise1_1_pkg/exercise1_1_pkg.egg-info/SOURCES.txt'
[7.034s] reading manifest file '../../build/exercise1_1_pkg/exercise1_1_pkg.egg-info/SOURCES.txt'
[7.035s] writing manifest file '../../build/exercise1_1_pkg/exercise1_1_pkg.egg-info/SOURCES.txt'
[7.035s] running build
[7.037s] running build_py
[7.059s] creating /home/user/ros2_ws/build/exercise1_1_pkg/build
[7.060s] creating /home/user/ros2_ws/build/exercise1_1_pkg/build/lib
[7.061s] creating /home/user/ros2_ws/build/exercise1_1_pkg/build/lib/exercise1_1_pkg
[7.062s] copying exercise1_1_pkg/exercise1_1.py -> /home/user/ros2_ws/build/exercise1_1_pkg/build/lib/exercise1_1_pkg
[7.064s] copying exercise1_1_pkg/__init__.py -> /home/user/ros2_ws/build/exercise1_1_pkg/build/lib/exercise1_1_pkg
[7.066s] running install
[7.066s] running install_lib
[7.073s] creating /home/user/ros2_ws/install/exercise1_1_pkg/lib/python3.8/site-packages/exercise1_1_pkg
[7.074s] copying /home/user/ros2_ws/build/exercise1_1_pkg/build/lib/exercise1_1_pkg/exercise1_1.py -> /home/user/ros2_ws/install/exercise1_1_pkg/lib/python3.8/site-packages/exercise1_1_pkg
[7.078s] copying /home/user/ros2_ws/build/exercise1_1_pkg/build/lib/exercise1_1_pkg/__init__.py -> /home/user/ros2_ws/install/exercise1_1_pkg/lib/python3.8/site-packages/exercise1_1_pkg
[7.079s] byte-compiling /home/user/ros2_ws/install/exercise1_1_pkg/lib/python3.8/site-packages/exercise1_1_pkg/exercise1_1.py to exercise1_1.cpython-38.pyc
[7.085s] byte-compiling /home/user/ros2_ws/install/exercise1_1_pkg/lib/python3.8/site-packages/exercise1_1_pkg/__init__.py to __init__.cpython-38.pyc
[7.087s] running install_data
[7.095s] creating /home/user/ros2_ws/install/exercise1_1_pkg/share/ament_index
[7.096s] creating /home/user/ros2_ws/install/exercise1_1_pkg/share/ament_index/resource_index
[7.129s] creating /home/user/ros2_ws/install/exercise1_1_pkg/share/ament_index/resource_index/packages
[7.130s] copying resource/exercise1_1_pkg -> /home/user/ros2_ws/install/exercise1_1_pkg/share/ament_index/resource_index/packages
[7.130s] copying package.xml -> /home/user/ros2_ws/install/exercise1_1_pkg/share/exercise1_1_pkg
[7.130s] copying launch/exercise1_1_pkg_launch_file.launch.py -> /home/user/ros2_ws/install/exercise1_1_pkg/share/exercise1_1_pkg
[7.130s] running install_egg_info
[7.130s] Copying ../../build/exercise1_1_pkg/exercise1_1_pkg.egg-info to /home/user/ros2_ws/install/exercise1_1_pkg/lib/python3.8/site-packages/exercise1_1_pkg-0.0.0-py3.8.egg-info
[7.130s] running install_scripts
[7.179s] Installing exercise1_1 script to /home/user/ros2_ws/install/exercise1_1_pkg/lib/exercise1_1_pkg
[7.179s] writing list of installed files to '/home/user/ros2_ws/build/exercise1_1_pkg/install.log'
[7.267s] Invoked command in '/home/user/ros2_ws/src/exercise1_1_pkg' returned '0': PYTHONPATH=/home/user/ros2_ws/install/exercise1_1_pkg/lib/python3.8/site-packages:${PYTHONPATH} _=/usr/bin/env /usr/bin/python3 setup.py egg_info --egg-base ../../build/exercise1_1_pkg build --build-base /home/user/ros2_ws/build/exercise1_1_pkg/build install --prefix /home/user/ros2_ws/install/exercise1_1_pkg --record /home/user/ros2_ws/build/exercise1_1_pkg/install.log --single-version-externally-managed
