[5.801s] DEBUG:colcon:Command line arguments: ['/usr/bin/colcon', 'build', '--packages-select', 'exercise1_1_pkg']
[5.803s] DEBUG:colcon:Parsed command line arguments: Namespace(ament_cmake_args=None, base_paths=['.'], build_base='build', catkin_cmake_args=None, catkin_skip_building_tests=False, cmake_args=None, cmake_clean_cache=False, cmake_clean_first=False, cmake_force_configure=False, cmake_target=None, cmake_target_skip_unavailable=False, continue_on_error=False, event_handlers=None, executor='parallel', ignore_user_meta=False, install_base='install', log_base=None, log_level=None, main=<bound method BuildVerb.main of <colcon_core.verb.build.BuildVerb object at 0x7f3427f1fa90>>, merge_install=False, metas=['./colcon.meta'], packages_above=None, packages_above_and_dependencies=None, packages_above_depth=None, packages_end=None, packages_ignore=None, packages_ignore_regex=None, packages_select=['exercise1_1_pkg'], packages_select_build_failed=False, packages_select_by_dep=None, packages_select_regex=None, packages_select_test_failures=False, packages_skip=None, packages_skip_build_finished=False, packages_skip_by_dep=None, packages_skip_regex=None, packages_skip_test_passed=False, packages_skip_up_to=None, packages_start=None, packages_up_to=None, packages_up_to_regex=None, parallel_workers=8, paths=None, symlink_install=False, test_result_base=None, verb_extension=<colcon_core.verb.build.BuildVerb object at 0x7f3427f1fa90>, verb_name='build', verb_parser=<colcon_defaults.argument_parser.defaults.DefaultArgumentsDecorator object at 0x7f3427f2f040>)
[5.914s] Level 1:colcon.colcon_core.package_discovery:discover_packages(colcon_meta) check parameters
[5.914s] Level 1:colcon.colcon_core.package_discovery:discover_packages(recursive) check parameters
[5.914s] Level 1:colcon.colcon_core.package_discovery:discover_packages(ignore) check parameters
[5.914s] Level 1:colcon.colcon_core.package_discovery:discover_packages(path) check parameters
[5.914s] Level 1:colcon.colcon_core.package_discovery:discover_packages(colcon_meta) discover
[5.914s] Level 1:colcon.colcon_core.package_discovery:discover_packages(recursive) discover
[5.914s] INFO:colcon.colcon_core.package_discovery:Crawling recursively for packages in '/home/user/ros2_ws'
[5.915s] Level 1:colcon.colcon_core.package_identification:_identify(.) by extensions ['ignore', 'ignore_ament_install']
[5.915s] Level 1:colcon.colcon_core.package_identification:_identify(.) by extension 'ignore'
[5.915s] Level 1:colcon.colcon_core.package_identification:_identify(.) by extension 'ignore_ament_install'
[5.915s] Level 1:colcon.colcon_core.package_identification:_identify(.) by extensions ['colcon_pkg']
[5.915s] Level 1:colcon.colcon_core.package_identification:_identify(.) by extension 'colcon_pkg'
[5.916s] Level 1:colcon.colcon_core.package_identification:_identify(.) by extensions ['colcon_meta']
[5.916s] Level 1:colcon.colcon_core.package_identification:_identify(.) by extension 'colcon_meta'
[5.916s] Level 1:colcon.colcon_core.package_identification:_identify(.) by extensions ['ros']
[5.916s] Level 1:colcon.colcon_core.package_identification:_identify(.) by extension 'ros'
[6.128s] Level 1:colcon.colcon_core.package_identification:_identify(.) by extensions ['cmake', 'python']
[6.128s] Level 1:colcon.colcon_core.package_identification:_identify(.) by extension 'cmake'
[6.129s] Level 1:colcon.colcon_core.package_identification:_identify(.) by extension 'python'
[6.129s] Level 1:colcon.colcon_core.package_identification:_identify(.) by extensions ['python_setup_py']
[6.129s] Level 1:colcon.colcon_core.package_identification:_identify(.) by extension 'python_setup_py'
[6.130s] Level 1:colcon.colcon_core.package_identification:_identify(build) by extensions ['ignore', 'ignore_ament_install']
[6.130s] Level 1:colcon.colcon_core.package_identification:_identify(build) by extension 'ignore'
[6.130s] Level 1:colcon.colcon_core.package_identification:_identify(build) ignored
[6.130s] Level 1:colcon.colcon_core.package_identification:_identify(install) by extensions ['ignore', 'ignore_ament_install']
[6.130s] Level 1:colcon.colcon_core.package_identification:_identify(install) by extension 'ignore'
[6.131s] Level 1:colcon.colcon_core.package_identification:_identify(install) ignored
[6.131s] Level 1:colcon.colcon_core.package_identification:_identify(log) by extensions ['ignore', 'ignore_ament_install']
[6.198s] Level 1:colcon.colcon_core.package_identification:_identify(log) by extension 'ignore'
[6.200s] Level 1:colcon.colcon_core.package_identification:_identify(log) ignored
[6.200s] Level 1:colcon.colcon_core.package_identification:_identify(src) by extensions ['ignore', 'ignore_ament_install']
[6.201s] Level 1:colcon.colcon_core.package_identification:_identify(src) by extension 'ignore'
[6.202s] Level 1:colcon.colcon_core.package_identification:_identify(src) by extension 'ignore_ament_install'
[6.202s] Level 1:colcon.colcon_core.package_identification:_identify(src) by extensions ['colcon_pkg']
[6.202s] Level 1:colcon.colcon_core.package_identification:_identify(src) by extension 'colcon_pkg'
[6.202s] Level 1:colcon.colcon_core.package_identification:_identify(src) by extensions ['colcon_meta']
[6.202s] Level 1:colcon.colcon_core.package_identification:_identify(src) by extension 'colcon_meta'
[6.202s] Level 1:colcon.colcon_core.package_identification:_identify(src) by extensions ['ros']
[6.203s] Level 1:colcon.colcon_core.package_identification:_identify(src) by extension 'ros'
[6.203s] Level 1:colcon.colcon_core.package_identification:_identify(src) by extensions ['cmake', 'python']
[6.203s] Level 1:colcon.colcon_core.package_identification:_identify(src) by extension 'cmake'
[6.203s] Level 1:colcon.colcon_core.package_identification:_identify(src) by extension 'python'
[6.203s] Level 1:colcon.colcon_core.package_identification:_identify(src) by extensions ['python_setup_py']
[6.203s] Level 1:colcon.colcon_core.package_identification:_identify(src) by extension 'python_setup_py'
[6.204s] Level 1:colcon.colcon_core.package_identification:_identify(src/exercise1_1_pkg) by extensions ['ignore', 'ignore_ament_install']
[6.204s] Level 1:colcon.colcon_core.package_identification:_identify(src/exercise1_1_pkg) by extension 'ignore'
[6.204s] Level 1:colcon.colcon_core.package_identification:_identify(src/exercise1_1_pkg) by extension 'ignore_ament_install'
[6.204s] Level 1:colcon.colcon_core.package_identification:_identify(src/exercise1_1_pkg) by extensions ['colcon_pkg']
[6.204s] Level 1:colcon.colcon_core.package_identification:_identify(src/exercise1_1_pkg) by extension 'colcon_pkg'
[6.205s] Level 1:colcon.colcon_core.package_identification:_identify(src/exercise1_1_pkg) by extensions ['colcon_meta']
[6.205s] Level 1:colcon.colcon_core.package_identification:_identify(src/exercise1_1_pkg) by extension 'colcon_meta'
[6.205s] Level 1:colcon.colcon_core.package_identification:_identify(src/exercise1_1_pkg) by extensions ['ros']
[6.205s] Level 1:colcon.colcon_core.package_identification:_identify(src/exercise1_1_pkg) by extension 'ros'
[6.213s] DEBUG:colcon.colcon_core.package_identification:Package 'src/exercise1_1_pkg' with type 'ros.ament_python' and name 'exercise1_1_pkg'
[6.213s] Level 1:colcon.colcon_core.package_discovery:discover_packages(recursive) using defaults
[6.213s] Level 1:colcon.colcon_core.package_discovery:discover_packages(ignore) discover
[6.213s] Level 1:colcon.colcon_core.package_discovery:discover_packages(ignore) using defaults
[6.213s] Level 1:colcon.colcon_core.package_discovery:discover_packages(path) discover
[6.214s] Level 1:colcon.colcon_core.package_discovery:discover_packages(path) using defaults
[6.517s] Level 5:colcon.colcon_core.verb:set package 'exercise1_1_pkg' build argument 'cmake_args' from command line to 'None'
[6.518s] Level 5:colcon.colcon_core.verb:set package 'exercise1_1_pkg' build argument 'cmake_target' from command line to 'None'
[6.518s] Level 5:colcon.colcon_core.verb:set package 'exercise1_1_pkg' build argument 'cmake_target_skip_unavailable' from command line to 'False'
[6.518s] Level 5:colcon.colcon_core.verb:set package 'exercise1_1_pkg' build argument 'cmake_clean_cache' from command line to 'False'
[6.518s] Level 5:colcon.colcon_core.verb:set package 'exercise1_1_pkg' build argument 'cmake_clean_first' from command line to 'False'
[6.518s] Level 5:colcon.colcon_core.verb:set package 'exercise1_1_pkg' build argument 'cmake_force_configure' from command line to 'False'
[6.518s] Level 5:colcon.colcon_core.verb:set package 'exercise1_1_pkg' build argument 'ament_cmake_args' from command line to 'None'
[6.518s] Level 5:colcon.colcon_core.verb:set package 'exercise1_1_pkg' build argument 'catkin_cmake_args' from command line to 'None'
[6.518s] Level 5:colcon.colcon_core.verb:set package 'exercise1_1_pkg' build argument 'catkin_skip_building_tests' from command line to 'False'
[6.518s] DEBUG:colcon.colcon_core.verb:Building package 'exercise1_1_pkg' with the following arguments: {'ament_cmake_args': None, 'build_base': '/home/user/ros2_ws/build/exercise1_1_pkg', 'catkin_cmake_args': None, 'catkin_skip_building_tests': False, 'cmake_args': None, 'cmake_clean_cache': False, 'cmake_clean_first': False, 'cmake_force_configure': False, 'cmake_target': None, 'cmake_target_skip_unavailable': False, 'install_base': '/home/user/ros2_ws/install/exercise1_1_pkg', 'merge_install': False, 'path': '/home/user/ros2_ws/src/exercise1_1_pkg', 'symlink_install': False, 'test_result_base': None}
[6.519s] INFO:colcon.colcon_core.executor:Executing jobs using 'parallel' executor
[6.528s] DEBUG:colcon.colcon_parallel_executor.executor.parallel:run_until_complete
[6.528s] INFO:colcon.colcon_ros.task.ament_python.build:Building ROS package in '/home/user/ros2_ws/src/exercise1_1_pkg' with build type 'ament_python'
[6.528s] Level 1:colcon.colcon_core.shell:create_environment_hook('exercise1_1_pkg', 'ament_prefix_path')
[6.615s] INFO:colcon.colcon_core.plugin_system:Skipping extension 'colcon_core.shell.bat': Not used on non-Windows systems
[6.615s] INFO:colcon.colcon_core.shell:Creating environment hook '/home/user/ros2_ws/install/exercise1_1_pkg/share/exercise1_1_pkg/hook/ament_prefix_path.ps1'
[6.618s] INFO:colcon.colcon_core.shell:Creating environment descriptor '/home/user/ros2_ws/install/exercise1_1_pkg/share/exercise1_1_pkg/hook/ament_prefix_path.dsv'
[6.619s] INFO:colcon.colcon_core.shell:Creating environment hook '/home/user/ros2_ws/install/exercise1_1_pkg/share/exercise1_1_pkg/hook/ament_prefix_path.sh'
[6.625s] INFO:colcon.colcon_core.shell:Skip shell extension 'powershell' for command environment: Not usable outside of PowerShell
[6.625s] DEBUG:colcon.colcon_core.shell:Skip shell extension 'dsv' for command environment
[6.705s] DEBUG:colcon.colcon_core.shell:Ignoring prefix path '/opt/ros/foxy'
[9.300s] INFO:colcon.colcon_core.task.python.build:Building Python package in '/home/user/ros2_ws/src/exercise1_1_pkg'
[9.303s] INFO:colcon.colcon_core.shell:Skip shell extension 'powershell' for command environment: Not usable outside of PowerShell
[9.303s] DEBUG:colcon.colcon_core.shell:Skip shell extension 'dsv' for command environment
[9.307s] DEBUG:colcon.colcon_core.shell:Ignoring prefix path '/opt/ros/foxy'
[9.324s] DEBUG:colcon.colcon_core.event_handler.log_command:Invoking command in '/home/user/ros2_ws/src/exercise1_1_pkg': PYTHONPATH=/home/user/ros2_ws/install/exercise1_1_pkg/lib/python3.8/site-packages:${PYTHONPATH} _=/usr/bin/env /usr/bin/python3 setup.py egg_info --egg-base ../../build/exercise1_1_pkg build --build-base /home/user/ros2_ws/build/exercise1_1_pkg/build install --prefix /home/user/ros2_ws/install/exercise1_1_pkg --record /home/user/ros2_ws/build/exercise1_1_pkg/install.log --single-version-externally-managed
[12.621s] DEBUG:colcon.colcon_core.event_handler.log_command:Invoked command in '/home/user/ros2_ws/src/exercise1_1_pkg' returned '0': PYTHONPATH=/home/user/ros2_ws/install/exercise1_1_pkg/lib/python3.8/site-packages:${PYTHONPATH} _=/usr/bin/env /usr/bin/python3 setup.py egg_info --egg-base ../../build/exercise1_1_pkg build --build-base /home/user/ros2_ws/build/exercise1_1_pkg/build install --prefix /home/user/ros2_ws/install/exercise1_1_pkg --record /home/user/ros2_ws/build/exercise1_1_pkg/install.log --single-version-externally-managed
[12.699s] Level 1:colcon.colcon_core.environment:checking '/home/user/ros2_ws/install/exercise1_1_pkg' for CMake module files
[12.701s] Level 1:colcon.colcon_core.environment:checking '/home/user/ros2_ws/install/exercise1_1_pkg' for CMake config files
[12.705s] Level 1:colcon.colcon_core.environment:checking '/home/user/ros2_ws/install/exercise1_1_pkg/lib'
[12.705s] Level 1:colcon.colcon_core.environment:checking '/home/user/ros2_ws/install/exercise1_1_pkg/bin'
[12.706s] Level 1:colcon.colcon_core.environment:checking '/home/user/ros2_ws/install/exercise1_1_pkg/lib/pkgconfig/exercise1_1_pkg.pc'
[12.707s] Level 1:colcon.colcon_core.environment:checking '/home/user/ros2_ws/install/exercise1_1_pkg/lib/python3.8/site-packages'
[12.707s] Level 1:colcon.colcon_core.shell:create_environment_hook('exercise1_1_pkg', 'pythonpath')
[12.710s] INFO:colcon.colcon_core.shell:Creating environment hook '/home/user/ros2_ws/install/exercise1_1_pkg/share/exercise1_1_pkg/hook/pythonpath.ps1'
[12.712s] INFO:colcon.colcon_core.shell:Creating environment descriptor '/home/user/ros2_ws/install/exercise1_1_pkg/share/exercise1_1_pkg/hook/pythonpath.dsv'
[12.713s] INFO:colcon.colcon_core.shell:Creating environment hook '/home/user/ros2_ws/install/exercise1_1_pkg/share/exercise1_1_pkg/hook/pythonpath.sh'
[12.715s] Level 1:colcon.colcon_core.environment:create_environment_scripts_only(exercise1_1_pkg)
[12.717s] INFO:colcon.colcon_core.shell:Creating package script '/home/user/ros2_ws/install/exercise1_1_pkg/share/exercise1_1_pkg/package.ps1'
[12.721s] INFO:colcon.colcon_core.shell:Creating package descriptor '/home/user/ros2_ws/install/exercise1_1_pkg/share/exercise1_1_pkg/package.dsv'
[12.725s] INFO:colcon.colcon_core.shell:Creating package script '/home/user/ros2_ws/install/exercise1_1_pkg/share/exercise1_1_pkg/package.sh'
[12.729s] INFO:colcon.colcon_core.shell:Creating package script '/home/user/ros2_ws/install/exercise1_1_pkg/share/exercise1_1_pkg/package.bash'
[12.733s] INFO:colcon.colcon_core.shell:Creating package script '/home/user/ros2_ws/install/exercise1_1_pkg/share/exercise1_1_pkg/package.zsh'
[12.744s] Level 1:colcon.colcon_core.environment:create_file_with_runtime_dependencies(/home/user/ros2_ws/install/exercise1_1_pkg/share/colcon-core/packages/exercise1_1_pkg)
[12.799s] DEBUG:colcon.colcon_parallel_executor.executor.parallel:closing loop
[12.800s] DEBUG:colcon.colcon_parallel_executor.executor.parallel:loop closed
[12.800s] DEBUG:colcon.colcon_parallel_executor.executor.parallel:run_until_complete finished with '0'
[12.800s] DEBUG:colcon.colcon_core.event_reactor:joining thread
[12.826s] INFO:colcon.colcon_core.plugin_system:Skipping extension 'colcon_notification.desktop_notification.notify_send': Could not find 'notify-send'
[12.826s] INFO:colcon.colcon_core.plugin_system:Skipping extension 'colcon_notification.desktop_notification.terminal_notifier': Not used on non-Darwin systems
[12.826s] INFO:colcon.colcon_core.plugin_system:Skipping extension 'colcon_notification.desktop_notification.win32': Not used on non-Windows systems
[12.826s] INFO:colcon.colcon_notification.desktop_notification:Sending desktop notification using 'notify2'
[12.919s] DEBUG:colcon.colcon_notification.desktop_notification.notify2:Failed to initialize notify2: org.freedesktop.DBus.Error.ServiceUnknown: The name org.freedesktop.Notifications was not provided by any .service files
[12.919s] DEBUG:colcon.colcon_core.event_reactor:joined thread
[12.922s] INFO:colcon.colcon_core.shell:Creating prefix script '/home/user/ros2_ws/install/local_setup.ps1'
[12.926s] INFO:colcon.colcon_core.shell:Creating prefix util module '/home/user/ros2_ws/install/_local_setup_util_ps1.py'
[12.931s] INFO:colcon.colcon_core.shell:Creating prefix chain script '/home/user/ros2_ws/install/setup.ps1'
[12.941s] INFO:colcon.colcon_core.shell:Creating prefix script '/home/user/ros2_ws/install/local_setup.sh'
[13.003s] INFO:colcon.colcon_core.shell:Creating prefix util module '/home/user/ros2_ws/install/_local_setup_util_sh.py'
[13.005s] INFO:colcon.colcon_core.shell:Creating prefix chain script '/home/user/ros2_ws/install/setup.sh'
[13.026s] INFO:colcon.colcon_core.shell:Creating prefix script '/home/user/ros2_ws/install/local_setup.bash'
[13.028s] INFO:colcon.colcon_core.shell:Creating prefix chain script '/home/user/ros2_ws/install/setup.bash'
[13.044s] INFO:colcon.colcon_core.shell:Creating prefix script '/home/user/ros2_ws/install/local_setup.zsh'
[13.046s] INFO:colcon.colcon_core.shell:Creating prefix chain script '/home/user/ros2_ws/install/setup.zsh'
