running egg_info
writing ../../build/exercise1_1_pkg/exercise1_1_pkg.egg-info/PKG-INFO
writing dependency_links to ../../build/exercise1_1_pkg/exercise1_1_pkg.egg-info/dependency_links.txt
writing entry points to ../../build/exercise1_1_pkg/exercise1_1_pkg.egg-info/entry_points.txt
writing requirements to ../../build/exercise1_1_pkg/exercise1_1_pkg.egg-info/requires.txt
writing top-level names to ../../build/exercise1_1_pkg/exercise1_1_pkg.egg-info/top_level.txt
reading manifest file '../../build/exercise1_1_pkg/exercise1_1_pkg.egg-info/SOURCES.txt'
writing manifest file '../../build/exercise1_1_pkg/exercise1_1_pkg.egg-info/SOURCES.txt'
running build
running build_py
copying exercise1_1_pkg/exercise1_1.py -> /home/user/ros2_ws/build/exercise1_1_pkg/build/lib/exercise1_1_pkg
running install
running install_lib
copying /home/user/ros2_ws/build/exercise1_1_pkg/build/lib/exercise1_1_pkg/exercise1_1.py -> /home/user/ros2_ws/install/exercise1_1_pkg/lib/python3.8/site-packages/exercise1_1_pkg
byte-compiling /home/user/ros2_ws/install/exercise1_1_pkg/lib/python3.8/site-packages/exercise1_1_pkg/exercise1_1.py to exercise1_1.cpython-38.pyc
running install_data
running install_egg_info
Sorry: IndentationError: unexpected indent (exercise1_1.py, line 26)
removing '/home/user/ros2_ws/install/exercise1_1_pkg/lib/python3.8/site-packages/exercise1_1_pkg-0.0.0-py3.8.egg-info' (and everything under it)
Copying ../../build/exercise1_1_pkg/exercise1_1_pkg.egg-info to /home/user/ros2_ws/install/exercise1_1_pkg/lib/python3.8/site-packages/exercise1_1_pkg-0.0.0-py3.8.egg-info
running install_scripts
Installing exercise1_1 script to /home/user/ros2_ws/install/exercise1_1_pkg/lib/exercise1_1_pkg
writing list of installed files to '/home/user/ros2_ws/build/exercise1_1_pkg/install.log'
