[2.996s] DEBUG:colcon:Command line arguments: ['/usr/bin/colcon', 'build', '--packages-select', 'exercise1_1_pkg']
[2.997s] DEBUG:colcon:Parsed command line arguments: Namespace(ament_cmake_args=None, base_paths=['.'], build_base='build', catkin_cmake_args=None, catkin_skip_building_tests=False, cmake_args=None, cmake_clean_cache=False, cmake_clean_first=False, cmake_force_configure=False, cmake_target=None, cmake_target_skip_unavailable=False, continue_on_error=False, event_handlers=None, executor='parallel', ignore_user_meta=False, install_base='install', log_base=None, log_level=None, main=<bound method BuildVerb.main of <colcon_core.verb.build.BuildVerb object at 0x7fb8e06aaa30>>, merge_install=False, metas=['./colcon.meta'], packages_above=None, packages_above_and_dependencies=None, packages_above_depth=None, packages_end=None, packages_ignore=None, packages_ignore_regex=None, packages_select=['exercise1_1_pkg'], packages_select_build_failed=False, packages_select_by_dep=None, packages_select_regex=None, packages_select_test_failures=False, packages_skip=None, packages_skip_build_finished=False, packages_skip_by_dep=None, packages_skip_regex=None, packages_skip_test_passed=False, packages_skip_up_to=None, packages_start=None, packages_up_to=None, packages_up_to_regex=None, parallel_workers=8, paths=None, symlink_install=False, test_result_base=None, verb_extension=<colcon_core.verb.build.BuildVerb object at 0x7fb8e06aaa30>, verb_name='build', verb_parser=<colcon_defaults.argument_parser.defaults.DefaultArgumentsDecorator object at 0x7fb8e06aafa0>)
[3.062s] Level 1:colcon.colcon_core.package_discovery:discover_packages(colcon_meta) check parameters
[3.063s] Level 1:colcon.colcon_core.package_discovery:discover_packages(recursive) check parameters
[3.063s] Level 1:colcon.colcon_core.package_discovery:discover_packages(ignore) check parameters
[3.063s] Level 1:colcon.colcon_core.package_discovery:discover_packages(path) check parameters
[3.063s] Level 1:colcon.colcon_core.package_discovery:discover_packages(colcon_meta) discover
[3.063s] Level 1:colcon.colcon_core.package_discovery:discover_packages(recursive) discover
[3.063s] INFO:colcon.colcon_core.package_discovery:Crawling recursively for packages in '/home/user/ros2_ws'
[3.063s] Level 1:colcon.colcon_core.package_identification:_identify(.) by extensions ['ignore', 'ignore_ament_install']
[3.064s] Level 1:colcon.colcon_core.package_identification:_identify(.) by extension 'ignore'
[3.064s] Level 1:colcon.colcon_core.package_identification:_identify(.) by extension 'ignore_ament_install'
[3.064s] Level 1:colcon.colcon_core.package_identification:_identify(.) by extensions ['colcon_pkg']
[3.064s] Level 1:colcon.colcon_core.package_identification:_identify(.) by extension 'colcon_pkg'
[3.064s] Level 1:colcon.colcon_core.package_identification:_identify(.) by extensions ['colcon_meta']
[3.064s] Level 1:colcon.colcon_core.package_identification:_identify(.) by extension 'colcon_meta'
[3.064s] Level 1:colcon.colcon_core.package_identification:_identify(.) by extensions ['ros']
[3.064s] Level 1:colcon.colcon_core.package_identification:_identify(.) by extension 'ros'
[3.095s] Level 1:colcon.colcon_core.package_identification:_identify(.) by extensions ['cmake', 'python']
[3.095s] Level 1:colcon.colcon_core.package_identification:_identify(.) by extension 'cmake'
[3.095s] Level 1:colcon.colcon_core.package_identification:_identify(.) by extension 'python'
[3.095s] Level 1:colcon.colcon_core.package_identification:_identify(.) by extensions ['python_setup_py']
[3.096s] Level 1:colcon.colcon_core.package_identification:_identify(.) by extension 'python_setup_py'
[3.096s] Level 1:colcon.colcon_core.package_identification:_identify(build) by extensions ['ignore', 'ignore_ament_install']
[3.096s] Level 1:colcon.colcon_core.package_identification:_identify(build) by extension 'ignore'
[3.096s] Level 1:colcon.colcon_core.package_identification:_identify(build) ignored
[3.096s] Level 1:colcon.colcon_core.package_identification:_identify(install) by extensions ['ignore', 'ignore_ament_install']
[3.097s] Level 1:colcon.colcon_core.package_identification:_identify(install) by extension 'ignore'
[3.097s] Level 1:colcon.colcon_core.package_identification:_identify(install) ignored
[3.097s] Level 1:colcon.colcon_core.package_identification:_identify(log) by extensions ['ignore', 'ignore_ament_install']
[3.097s] Level 1:colcon.colcon_core.package_identification:_identify(log) by extension 'ignore'
[3.098s] Level 1:colcon.colcon_core.package_identification:_identify(log) ignored
[3.098s] Level 1:colcon.colcon_core.package_identification:_identify(src) by extensions ['ignore', 'ignore_ament_install']
[3.098s] Level 1:colcon.colcon_core.package_identification:_identify(src) by extension 'ignore'
[3.098s] Level 1:colcon.colcon_core.package_identification:_identify(src) by extension 'ignore_ament_install'
[3.098s] Level 1:colcon.colcon_core.package_identification:_identify(src) by extensions ['colcon_pkg']
[3.098s] Level 1:colcon.colcon_core.package_identification:_identify(src) by extension 'colcon_pkg'
[3.098s] Level 1:colcon.colcon_core.package_identification:_identify(src) by extensions ['colcon_meta']
[3.099s] Level 1:colcon.colcon_core.package_identification:_identify(src) by extension 'colcon_meta'
[3.099s] Level 1:colcon.colcon_core.package_identification:_identify(src) by extensions ['ros']
[3.099s] Level 1:colcon.colcon_core.package_identification:_identify(src) by extension 'ros'
[3.099s] Level 1:colcon.colcon_core.package_identification:_identify(src) by extensions ['cmake', 'python']
[3.099s] Level 1:colcon.colcon_core.package_identification:_identify(src) by extension 'cmake'
[3.099s] Level 1:colcon.colcon_core.package_identification:_identify(src) by extension 'python'
[3.099s] Level 1:colcon.colcon_core.package_identification:_identify(src) by extensions ['python_setup_py']
[3.099s] Level 1:colcon.colcon_core.package_identification:_identify(src) by extension 'python_setup_py'
[3.100s] Level 1:colcon.colcon_core.package_identification:_identify(src/exercise1_1_pkg) by extensions ['ignore', 'ignore_ament_install']
[3.100s] Level 1:colcon.colcon_core.package_identification:_identify(src/exercise1_1_pkg) by extension 'ignore'
[3.100s] Level 1:colcon.colcon_core.package_identification:_identify(src/exercise1_1_pkg) by extension 'ignore_ament_install'
[3.100s] Level 1:colcon.colcon_core.package_identification:_identify(src/exercise1_1_pkg) by extensions ['colcon_pkg']
[3.100s] Level 1:colcon.colcon_core.package_identification:_identify(src/exercise1_1_pkg) by extension 'colcon_pkg'
[3.100s] Level 1:colcon.colcon_core.package_identification:_identify(src/exercise1_1_pkg) by extensions ['colcon_meta']
[3.100s] Level 1:colcon.colcon_core.package_identification:_identify(src/exercise1_1_pkg) by extension 'colcon_meta'
[3.101s] Level 1:colcon.colcon_core.package_identification:_identify(src/exercise1_1_pkg) by extensions ['ros']
[3.101s] Level 1:colcon.colcon_core.package_identification:_identify(src/exercise1_1_pkg) by extension 'ros'
[3.162s] DEBUG:colcon.colcon_core.package_identification:Package 'src/exercise1_1_pkg' with type 'ros.ament_python' and name 'exercise1_1_pkg'
[3.162s] Level 1:colcon.colcon_core.package_discovery:discover_packages(recursive) using defaults
[3.162s] Level 1:colcon.colcon_core.package_discovery:discover_packages(ignore) discover
[3.162s] Level 1:colcon.colcon_core.package_discovery:discover_packages(ignore) using defaults
[3.163s] Level 1:colcon.colcon_core.package_discovery:discover_packages(path) discover
[3.163s] Level 1:colcon.colcon_core.package_discovery:discover_packages(path) using defaults
[3.291s] Level 5:colcon.colcon_core.verb:set package 'exercise1_1_pkg' build argument 'cmake_args' from command line to 'None'
[3.292s] Level 5:colcon.colcon_core.verb:set package 'exercise1_1_pkg' build argument 'cmake_target' from command line to 'None'
[3.292s] Level 5:colcon.colcon_core.verb:set package 'exercise1_1_pkg' build argument 'cmake_target_skip_unavailable' from command line to 'False'
[3.293s] Level 5:colcon.colcon_core.verb:set package 'exercise1_1_pkg' build argument 'cmake_clean_cache' from command line to 'False'
[3.293s] Level 5:colcon.colcon_core.verb:set package 'exercise1_1_pkg' build argument 'cmake_clean_first' from command line to 'False'
[3.293s] Level 5:colcon.colcon_core.verb:set package 'exercise1_1_pkg' build argument 'cmake_force_configure' from command line to 'False'
[3.293s] Level 5:colcon.colcon_core.verb:set package 'exercise1_1_pkg' build argument 'ament_cmake_args' from command line to 'None'
[3.294s] Level 5:colcon.colcon_core.verb:set package 'exercise1_1_pkg' build argument 'catkin_cmake_args' from command line to 'None'
[3.294s] Level 5:colcon.colcon_core.verb:set package 'exercise1_1_pkg' build argument 'catkin_skip_building_tests' from command line to 'False'
[3.294s] DEBUG:colcon.colcon_core.verb:Building package 'exercise1_1_pkg' with the following arguments: {'ament_cmake_args': None, 'build_base': '/home/user/ros2_ws/build/exercise1_1_pkg', 'catkin_cmake_args': None, 'catkin_skip_building_tests': False, 'cmake_args': None, 'cmake_clean_cache': False, 'cmake_clean_first': False, 'cmake_force_configure': False, 'cmake_target': None, 'cmake_target_skip_unavailable': False, 'install_base': '/home/user/ros2_ws/install/exercise1_1_pkg', 'merge_install': False, 'path': '/home/user/ros2_ws/src/exercise1_1_pkg', 'symlink_install': False, 'test_result_base': None}
[3.297s] INFO:colcon.colcon_core.executor:Executing jobs using 'parallel' executor
[3.362s] DEBUG:colcon.colcon_parallel_executor.executor.parallel:run_until_complete
[3.363s] INFO:colcon.colcon_ros.task.ament_python.build:Building ROS package in '/home/user/ros2_ws/src/exercise1_1_pkg' with build type 'ament_python'
[3.363s] Level 1:colcon.colcon_core.shell:create_environment_hook('exercise1_1_pkg', 'ament_prefix_path')
[3.371s] INFO:colcon.colcon_core.plugin_system:Skipping extension 'colcon_core.shell.bat': Not used on non-Windows systems
[3.371s] INFO:colcon.colcon_core.shell:Creating environment hook '/home/user/ros2_ws/install/exercise1_1_pkg/share/exercise1_1_pkg/hook/ament_prefix_path.ps1'
[3.373s] INFO:colcon.colcon_core.shell:Creating environment descriptor '/home/user/ros2_ws/install/exercise1_1_pkg/share/exercise1_1_pkg/hook/ament_prefix_path.dsv'
[3.374s] INFO:colcon.colcon_core.shell:Creating environment hook '/home/user/ros2_ws/install/exercise1_1_pkg/share/exercise1_1_pkg/hook/ament_prefix_path.sh'
[3.376s] INFO:colcon.colcon_core.shell:Skip shell extension 'powershell' for command environment: Not usable outside of PowerShell
[3.377s] DEBUG:colcon.colcon_core.shell:Skip shell extension 'dsv' for command environment
[3.386s] DEBUG:colcon.colcon_core.shell:Ignoring prefix path '/opt/ros/foxy'
[5.806s] INFO:colcon.colcon_core.task.python.build:Building Python package in '/home/user/ros2_ws/src/exercise1_1_pkg'
[5.807s] INFO:colcon.colcon_core.shell:Skip shell extension 'powershell' for command environment: Not usable outside of PowerShell
[5.807s] DEBUG:colcon.colcon_core.shell:Skip shell extension 'dsv' for command environment
[5.865s] DEBUG:colcon.colcon_core.shell:Ignoring prefix path '/opt/ros/foxy'
[5.887s] DEBUG:colcon.colcon_core.event_handler.log_command:Invoking command in '/home/user/ros2_ws/src/exercise1_1_pkg': PYTHONPATH=/home/user/ros2_ws/install/exercise1_1_pkg/lib/python3.8/site-packages:${PYTHONPATH} _=/usr/bin/env /usr/bin/python3 setup.py egg_info --egg-base ../../build/exercise1_1_pkg build --build-base /home/user/ros2_ws/build/exercise1_1_pkg/build install --prefix /home/user/ros2_ws/install/exercise1_1_pkg --record /home/user/ros2_ws/build/exercise1_1_pkg/install.log --single-version-externally-managed
[8.690s] DEBUG:colcon.colcon_core.event_handler.log_command:Invoked command in '/home/user/ros2_ws/src/exercise1_1_pkg' returned '0': PYTHONPATH=/home/user/ros2_ws/install/exercise1_1_pkg/lib/python3.8/site-packages:${PYTHONPATH} _=/usr/bin/env /usr/bin/python3 setup.py egg_info --egg-base ../../build/exercise1_1_pkg build --build-base /home/user/ros2_ws/build/exercise1_1_pkg/build install --prefix /home/user/ros2_ws/install/exercise1_1_pkg --record /home/user/ros2_ws/build/exercise1_1_pkg/install.log --single-version-externally-managed
[8.697s] Level 1:colcon.colcon_core.environment:checking '/home/user/ros2_ws/install/exercise1_1_pkg' for CMake module files
[8.698s] Level 1:colcon.colcon_core.environment:checking '/home/user/ros2_ws/install/exercise1_1_pkg' for CMake config files
[8.762s] Level 1:colcon.colcon_core.environment:checking '/home/user/ros2_ws/install/exercise1_1_pkg/lib'
[8.763s] Level 1:colcon.colcon_core.environment:checking '/home/user/ros2_ws/install/exercise1_1_pkg/bin'
[8.763s] Level 1:colcon.colcon_core.environment:checking '/home/user/ros2_ws/install/exercise1_1_pkg/lib/pkgconfig/exercise1_1_pkg.pc'
[8.763s] Level 1:colcon.colcon_core.environment:checking '/home/user/ros2_ws/install/exercise1_1_pkg/lib/python3.8/site-packages'
[8.764s] Level 1:colcon.colcon_core.shell:create_environment_hook('exercise1_1_pkg', 'pythonpath')
[8.765s] INFO:colcon.colcon_core.shell:Creating environment hook '/home/user/ros2_ws/install/exercise1_1_pkg/share/exercise1_1_pkg/hook/pythonpath.ps1'
[8.766s] INFO:colcon.colcon_core.shell:Creating environment descriptor '/home/user/ros2_ws/install/exercise1_1_pkg/share/exercise1_1_pkg/hook/pythonpath.dsv'
[8.767s] INFO:colcon.colcon_core.shell:Creating environment hook '/home/user/ros2_ws/install/exercise1_1_pkg/share/exercise1_1_pkg/hook/pythonpath.sh'
[8.768s] Level 1:colcon.colcon_core.environment:create_environment_scripts_only(exercise1_1_pkg)
[8.769s] INFO:colcon.colcon_core.shell:Creating package script '/home/user/ros2_ws/install/exercise1_1_pkg/share/exercise1_1_pkg/package.ps1'
[8.771s] INFO:colcon.colcon_core.shell:Creating package descriptor '/home/user/ros2_ws/install/exercise1_1_pkg/share/exercise1_1_pkg/package.dsv'
[8.772s] INFO:colcon.colcon_core.shell:Creating package script '/home/user/ros2_ws/install/exercise1_1_pkg/share/exercise1_1_pkg/package.sh'
[8.774s] INFO:colcon.colcon_core.shell:Creating package script '/home/user/ros2_ws/install/exercise1_1_pkg/share/exercise1_1_pkg/package.bash'
[8.776s] INFO:colcon.colcon_core.shell:Creating package script '/home/user/ros2_ws/install/exercise1_1_pkg/share/exercise1_1_pkg/package.zsh'
[8.779s] Level 1:colcon.colcon_core.environment:create_file_with_runtime_dependencies(/home/user/ros2_ws/install/exercise1_1_pkg/share/colcon-core/packages/exercise1_1_pkg)
[8.784s] DEBUG:colcon.colcon_parallel_executor.executor.parallel:closing loop
[8.785s] DEBUG:colcon.colcon_parallel_executor.executor.parallel:loop closed
[8.785s] DEBUG:colcon.colcon_parallel_executor.executor.parallel:run_until_complete finished with '0'
[8.785s] DEBUG:colcon.colcon_core.event_reactor:joining thread
[8.875s] INFO:colcon.colcon_core.plugin_system:Skipping extension 'colcon_notification.desktop_notification.notify_send': Could not find 'notify-send'
[8.876s] INFO:colcon.colcon_core.plugin_system:Skipping extension 'colcon_notification.desktop_notification.terminal_notifier': Not used on non-Darwin systems
[8.876s] INFO:colcon.colcon_core.plugin_system:Skipping extension 'colcon_notification.desktop_notification.win32': Not used on non-Windows systems
[8.876s] INFO:colcon.colcon_notification.desktop_notification:Sending desktop notification using 'notify2'
[8.884s] DEBUG:colcon.colcon_notification.desktop_notification.notify2:Failed to initialize notify2: org.freedesktop.DBus.Error.ServiceUnknown: The name org.freedesktop.Notifications was not provided by any .service files
[8.885s] DEBUG:colcon.colcon_core.event_reactor:joined thread
[8.887s] INFO:colcon.colcon_core.shell:Creating prefix script '/home/user/ros2_ws/install/local_setup.ps1'
[8.889s] INFO:colcon.colcon_core.shell:Creating prefix util module '/home/user/ros2_ws/install/_local_setup_util_ps1.py'
[8.891s] INFO:colcon.colcon_core.shell:Creating prefix chain script '/home/user/ros2_ws/install/setup.ps1'
[8.896s] INFO:colcon.colcon_core.shell:Creating prefix script '/home/user/ros2_ws/install/local_setup.sh'
[8.899s] INFO:colcon.colcon_core.shell:Creating prefix util module '/home/user/ros2_ws/install/_local_setup_util_sh.py'
[8.900s] INFO:colcon.colcon_core.shell:Creating prefix chain script '/home/user/ros2_ws/install/setup.sh'
[8.904s] INFO:colcon.colcon_core.shell:Creating prefix script '/home/user/ros2_ws/install/local_setup.bash'
[8.904s] INFO:colcon.colcon_core.shell:Creating prefix chain script '/home/user/ros2_ws/install/setup.bash'
[8.968s] INFO:colcon.colcon_core.shell:Creating prefix script '/home/user/ros2_ws/install/local_setup.zsh'
[8.969s] INFO:colcon.colcon_core.shell:Creating prefix chain script '/home/user/ros2_ws/install/setup.zsh'
